<?xml version="1.0" encoding="UTF-8"?>
<!-- Generated by org.testng.reporters.JUnitXMLReporter -->
<testsuite ignored="0" hostname="LAPTOP-CQ1GFPOJ" failures="0" tests="6" name="Default test" time="24.754" errors="0" timestamp="2024-05-17T19:35:41 IST">
  <testcase classname="test_scenarios.OrangeHRM_ops" name="launchBrowser" time="13.953"/>
  <testcase classname="test_scenarios.OrangeHRM_ops" name="userLogin" time="2.294"/>
  <testcase classname="test_scenarios.OrangeHRM_ops" name="navigateToSection" time="8.289"/>
  <testcase classname="test_scenarios.OrangeHRM_ops" name="assign_DepText" time="0.047"/>
  <testcase classname="test_scenarios.OrangeHRM_ops" name="addButton_Text" time="0.03"/>
  <testcase classname="test_scenarios.OrangeHRM_ops" name="addButton" time="0.086"/>
</testsuite> <!-- Default test -->
