<?xml version="1.0" encoding="UTF-8"?>
<!-- Generated by org.testng.reporters.JUnitXMLReporter -->
<testsuite ignored="0" hostname="LAPTOP-CQ1GFPOJ" failures="0" tests="4" name="Test" time="0.066" errors="0" timestamp="2024-05-09T16:02:37 IST">
  <testcase classname="test_cases.Demo" name="enterURL" time="0.008"/>
  <testcase classname="test_cases.Demo" name="launchBrowser" time="0.002"/>
  <testcase classname="test_cases.Annotations" name="m1" time="0.001"/>
  <testcase classname="test_cases.Annotations" name="m2" time="0.002"/>
</testsuite> <!-- Test -->
