<?xml version="1.0" encoding="UTF-8"?>
<testng-results ignored="0" total="1" passed="1" failed="0" skipped="0">
  <reporter-output>
  </reporter-output>
  <suite started-at="2024-09-20T10:08:52 IST" name="Default suite" finished-at="2024-09-20T10:09:04 IST" duration-ms="11657">
    <groups>
    </groups>
    <test started-at="2024-09-20T10:08:52 IST" name="Default test" finished-at="2024-09-20T10:09:04 IST" duration-ms="11657">
      <class name="test_Cases.Sending_data_from_Excel">
        <test-method signature="sendData()[pri:0, instance:test_Cases.Sending_data_from_Excel@1dde4cb2]" started-at="2024-09-20T10:08:52 IST" name="sendData" finished-at="2024-09-20T10:09:04 IST" duration-ms="11609" status="PASS">
          <reporter-output>
          </reporter-output>
        </test-method> <!-- sendData -->
      </class> <!-- test_Cases.Sending_data_from_Excel -->
    </test> <!-- Default test -->
  </suite> <!-- Default suite -->
</testng-results>
