<?xml version="1.0" encoding="UTF-8"?>
<testng-results ignored="0" total="6" passed="6" failed="0" skipped="0">
  <reporter-output>
  </reporter-output>
  <suite started-at="2024-05-17T19:35:16 IST" name="Default suite" finished-at="2024-05-17T19:35:41 IST" duration-ms="24754">
    <groups>
    </groups>
    <test started-at="2024-05-17T19:35:16 IST" name="Default test" finished-at="2024-05-17T19:35:41 IST" duration-ms="24754">
      <class name="test_scenarios.OrangeHRM_ops">
        <test-method signature="launchBrowser()[pri:1, instance:test_scenarios.OrangeHRM_ops@2c767a52]" started-at="2024-05-17T19:35:16 IST" name="launchBrowser" finished-at="2024-05-17T19:35:30 IST" duration-ms="13953" status="PASS">
          <reporter-output>
          </reporter-output>
        </test-method> <!-- launchBrowser -->
        <test-method signature="userLogin()[pri:2, instance:test_scenarios.OrangeHRM_ops@2c767a52]" started-at="2024-05-17T19:35:30 IST" name="userLogin" finished-at="2024-05-17T19:35:32 IST" duration-ms="2294" status="PASS">
          <reporter-output>
          </reporter-output>
        </test-method> <!-- userLogin -->
        <test-method signature="navigateToSection()[pri:3, instance:test_scenarios.OrangeHRM_ops@2c767a52]" started-at="2024-05-17T19:35:32 IST" name="navigateToSection" finished-at="2024-05-17T19:35:41 IST" duration-ms="8289" status="PASS">
          <reporter-output>
          </reporter-output>
        </test-method> <!-- navigateToSection -->
        <test-method signature="assign_DepText()[pri:4, instance:test_scenarios.OrangeHRM_ops@2c767a52]" started-at="2024-05-17T19:35:41 IST" name="assign_DepText" finished-at="2024-05-17T19:35:41 IST" duration-ms="47" status="PASS">
          <reporter-output>
          </reporter-output>
        </test-method> <!-- assign_DepText -->
        <test-method signature="addButton_Text()[pri:5, instance:test_scenarios.OrangeHRM_ops@2c767a52]" started-at="2024-05-17T19:35:41 IST" name="addButton_Text" finished-at="2024-05-17T19:35:41 IST" duration-ms="30" status="PASS">
          <reporter-output>
          </reporter-output>
        </test-method> <!-- addButton_Text -->
        <test-method signature="addButton()[pri:6, instance:test_scenarios.OrangeHRM_ops@2c767a52]" started-at="2024-05-17T19:35:41 IST" name="addButton" finished-at="2024-05-17T19:35:41 IST" duration-ms="86" status="PASS">
          <reporter-output>
          </reporter-output>
        </test-method> <!-- addButton -->
      </class> <!-- test_scenarios.OrangeHRM_ops -->
    </test> <!-- Default test -->
  </suite> <!-- Default suite -->
</testng-results>
